<?xml version="1.0" encoding="UTF-8"?>
<testng-results skipped="0" failed="0" total="1" passed="1">
  <reporter-output>
    <line>
      <![CDATA[INFO: The value found with Environment variable Falcon is: Falcon]]>
    </line>
    <line>
      <![CDATA[INFO: The value found with Environment Module variable sample is: sample]]>
    </line>
    <line>
      <![CDATA[The value found with Environment variable WIN_7_chrome_53 is: WIN_7_chrome_53]]>
    </line>
    <line>
      <![CDATA[INFO: Clients Found: [Falcon]
]]>
    </line>
    <line>
      <![CDATA[INFO: Modules Selected: [sample]
]]>
    </line>
    <line>
      <![CDATA[INFO: New Suite Created with name: Falcon-Sample-WIN_7_chrome_53]]>
    </line>
    <line>
      <![CDATA[<?xml version="1.0" encoding="UTF-8"?>
<!DOCTYPE suite SYSTEM "http://testng.org/testng-1.0.dtd">
<suite name="Falcon-Sample-WIN_7_chrome_53">
  <parameter name="os" value="WIN"/>
  <parameter name="osVersion" value="7"/>
  <parameter name="browser" value="chrome"/>
  <parameter name="browserVersion" value="53"/>
  <test name="SampleTest">
    <classes>
      <class name="com.qa.automation.falconUI.testscript.SampleTestScript"/>
    </classes>
  </test> <!-- SampleTest -->
</suite> <!-- Falcon-Sample-WIN_7_chrome_53 -->
]]>
    </line>
    <line>
      <![CDATA[Opening browser: chrome]]>
    </line>
    <line>
      <![CDATA[Maximizing browser window]]>
    </line>
    <line>
      <![CDATA[entering text: Selenium]]>
    </line>
    <line>
      <![CDATA[pressing enter key]]>
    </line>
    <line>
      <![CDATA[waiting for 2 second]]>
    </line>
    <line>
      <![CDATA[verifying page title]]>
    </line>
    <line>
      <![CDATA[PASS : Verifying String Message  : ACTUAL : Selenium - Google Search 	EXPECTED :Selenium - Google Search]]>
    </line>
  </reporter-output>
  <suite name="Falcon-Sample-WIN_7_chrome_53" duration-ms="27937" started-at="2019-09-12T09:33:50Z" finished-at="2019-09-12T09:34:18Z">
    <groups>
    </groups>
    <test name="SampleTest" duration-ms="27937" started-at="2019-09-12T09:33:50Z" finished-at="2019-09-12T09:34:18Z">
      <class name="com.qa.automation.falconUI.testscript.SampleTestScript">
        <test-method status="PASS" signature="preSetup()[pri:0, instance:com.qa.automation.falconUI.testscript.SampleTestScript@34b79f6d]" name="preSetup" is-config="true" duration-ms="22" started-at="2019-09-12T15:03:50Z" finished-at="2019-09-12T15:03:50Z">
          <reporter-output>
          </reporter-output>
        </test-method> <!-- preSetup -->
        <test-method status="PASS" signature="sampleTest(java.lang.String, java.lang.String, java.lang.String, java.lang.String)[pri:0, instance:com.qa.automation.falconUI.testscript.SampleTestScript@34b79f6d]" name="sampleTest" duration-ms="27928" started-at="2019-09-12T15:03:50Z" finished-at="2019-09-12T15:04:18Z">
          <params>
            <param index="0">
              <value>
                <![CDATA[WIN]]>
              </value>
            </param>
            <param index="1">
              <value>
                <![CDATA[7]]>
              </value>
            </param>
            <param index="2">
              <value>
                <![CDATA[chrome]]>
              </value>
            </param>
            <param index="3">
              <value>
                <![CDATA[53]]>
              </value>
            </param>
          </params>
          <reporter-output>
            <line>
              <![CDATA[Opening browser: chrome]]>
            </line>
            <line>
              <![CDATA[Maximizing browser window]]>
            </line>
            <line>
              <![CDATA[entering text: Selenium]]>
            </line>
            <line>
              <![CDATA[pressing enter key]]>
            </line>
            <line>
              <![CDATA[waiting for 2 second]]>
            </line>
            <line>
              <![CDATA[verifying page title]]>
            </line>
            <line>
              <![CDATA[PASS : Verifying String Message  : ACTUAL : Selenium - Google Search 	EXPECTED :Selenium - Google Search]]>
            </line>
          </reporter-output>
        </test-method> <!-- sampleTest -->
        <test-method status="PASS" signature="teardown()[pri:0, instance:com.qa.automation.falconUI.testscript.SampleTestScript@34b79f6d]" name="teardown" is-config="true" duration-ms="1096" started-at="2019-09-12T15:04:18Z" finished-at="2019-09-12T15:04:19Z">
          <reporter-output>
          </reporter-output>
        </test-method> <!-- teardown -->
      </class> <!-- com.qa.automation.falconUI.testscript.SampleTestScript -->
    </test> <!-- SampleTest -->
  </suite> <!-- Falcon-Sample-WIN_7_chrome_53 -->
</testng-results>
