<?xml version="1.0" encoding="UTF-8"?>
<testng-results skipped="0" failed="0" total="0" passed="0">
  <reporter-output>
  </reporter-output>
  <suite name="com.qa.automation.falconUI.AppTest" duration-ms="7" started-at="2019-09-12T09:33:47Z" finished-at="2019-09-12T09:33:47Z">
    <groups>
    </groups>
    <test name="Command line test" duration-ms="7" started-at="2019-09-12T09:33:47Z" finished-at="2019-09-12T09:33:47Z">
    </test> <!-- Command line test -->
  </suite> <!-- com.qa.automation.falconUI.AppTest -->
</testng-results>
